This is pdfTeX, Version 3.1415926-1.40.10 (TeX Live 2009/Debian) (format=pdflatex 2014.6.9)  3 MAR 2015 15:03
entering extended mode
 %&-line parsing enabled.
**grass.tex
(./grass.tex
LaTeX2e <2009/09/24>
Babel <v3.8l> and hyphenation patterns for english, usenglishmax, dumylang, noh
yphenation, loaded.
(./jfm.cls
Document Class: jfm 2006/11/13 v1.27 Journal of Fluid Mechanics document class
(/usr/share/texmf-texlive/tex/latex/graphics/graphicx.sty
Package: graphicx 1999/02/16 v1.0f Enhanced LaTeX Graphics (DPC,SPQR)

(/usr/share/texmf-texlive/tex/latex/graphics/keyval.sty
Package: keyval 1999/03/16 v1.13 key=value parser (DPC)
\KV@toks@=\toks14
)
(/usr/share/texmf-texlive/tex/latex/graphics/graphics.sty
Package: graphics 2009/02/05 v1.0o Standard LaTeX Graphics (DPC,SPQR)

(/usr/share/texmf-texlive/tex/latex/graphics/trig.sty
Package: trig 1999/03/16 v1.09 sin cos tan (DPC)
)
(/etc/texmf/tex/latex/config/graphics.cfg
File: graphics.cfg 2009/08/28 v1.8 graphics configuration of TeX Live
)
Package graphics Info: Driver file: pdftex.def on input line 91.

(/usr/share/texmf-texlive/tex/latex/pdftex-def/pdftex.def
File: pdftex.def 2010/03/12 v0.04p Graphics/color for pdfTeX
\Gread@gobject=\count79
))
\Gin@req@height=\dimen102
\Gin@req@width=\dimen103
)
LaTeX Info: Redefining \textsfbi on input line 179.
LaTeX Font Info:    Redeclaring math alphabet \mathsfbi on input line 179.
LaTeX Font Info:    Overwriting math alphabet `\mathsfbi' in version `normal'
(Font)                  OT1/cmss/m/sl --> T1/phv/b/it on input line 179.
LaTeX Font Info:    Overwriting math alphabet `\mathsfbi' in version `bold'
(Font)                  OT1/cmss/m/sl --> T1/phv/b/it on input line 179.
LaTeX Info: Redefining \textsfbi on input line 183.
LaTeX Font Info:    Redeclaring math alphabet \mathsfbi on input line 183.
LaTeX Font Info:    Overwriting math alphabet `\mathsfbi' in version `normal'
(Font)                  T1/phv/b/it --> OT1/phv/b/it on input line 183.
LaTeX Font Info:    Overwriting math alphabet `\mathsfbi' in version `bold'
(Font)                  T1/phv/b/it --> OT1/phv/b/it on input line 183.
\halflineskip=\skip41
\affilskip=\skip42
\c@part=\count80
\c@section=\count81
\c@subsection=\count82
\c@subsubsection=\count83
\c@paragraph=\count84
\@indentskip=\skip43
\smallindent=\skip44
\@footindent=\skip45
\@leftskip=\skip46
\proofbox=\box26
\rpbdim=\skip47
\@stequation=\toks15
\c@subequation=\count85
\c@table=\count86
\c@figure=\count87
LaTeX Info: Redefining \cite on input line 1149.
\astrutbox=\box27


Found the 'amsbsy' package on the system, using it.

(/usr/share/texmf-texlive/tex/latex/amsmath/amsbsy.sty
Package: amsbsy 1999/11/29 v1.2d

(/usr/share/texmf-texlive/tex/latex/amsmath/amsgen.sty
File: amsgen.sty 1999/11/30 v2.0
\@emptytoks=\toks16
\ex@=\dimen104
)
\pmbraise@=\dimen105
)


Found AMS Euler Roman fonts on the system, using the 'upmath' package.

(./upmath.sty
Package: upmath 1996/10/20 v1.0 CUP LaTeX2e package
\c@mv@upright=\count88
\c@mv@boldupright=\count89
LaTeX Font Info:    Overwriting symbol font `letters' in version `upright'
(Font)                  OML/cmm/m/it --> OML/eur/m/n on input line 65.
LaTeX Font Info:    Overwriting symbol font `letters' in version `boldupright'
(Font)                  OML/cmm/m/it --> OML/eur/b/n on input line 66.
)


Found AMS Symbol fonts on the system, using the 'amssymb' package.

(/usr/share/texmf-texlive/tex/latex/amsfonts/amssymb.sty
Package: amssymb 2009/06/22 v3.00

(/usr/share/texmf-texlive/tex/latex/amsfonts/amsfonts.sty
Package: amsfonts 2009/06/22 v3.00 Basic AMSFonts support
\symAMSa=\mathgroup4
\symAMSb=\mathgroup5
LaTeX Font Info:    Overwriting math alphabet `\mathfrak' in version `bold'
(Font)                  U/euf/m/n --> U/euf/b/n on input line 96.
)))
(/usr/share/texmf-texlive/tex/latex/amsmath/amsmath.sty
Package: amsmath 2000/07/18 v2.13 AMS math features
\@mathmargin=\skip48

For additional information on amsmath, use the `?' option.
(/usr/share/texmf-texlive/tex/latex/amsmath/amstext.sty
Package: amstext 2000/06/29 v2.01
)
(/usr/share/texmf-texlive/tex/latex/amsmath/amsopn.sty
Package: amsopn 1999/12/14 v2.01 operator names
)
\inf@bad=\count90
LaTeX Info: Redefining \frac on input line 211.
\uproot@=\count91
\leftroot@=\count92
LaTeX Info: Redefining \overline on input line 307.
\classnum@=\count93
\DOTSCASE@=\count94
LaTeX Info: Redefining \ldots on input line 379.
LaTeX Info: Redefining \dots on input line 382.
LaTeX Info: Redefining \cdots on input line 467.
\Mathstrutbox@=\box28
\strutbox@=\box29
\big@size=\dimen106
LaTeX Font Info:    Redeclaring font encoding OML on input line 567.
LaTeX Font Info:    Redeclaring font encoding OMS on input line 568.
\macc@depth=\count95
\c@MaxMatrixCols=\count96
\dotsspace@=\muskip10
\c@parentequation=\count97
\dspbrk@lvl=\count98
\tag@help=\toks17
\row@=\count99
\column@=\count100
\maxfields@=\count101
\andhelp@=\toks18
\eqnshift@=\dimen107
\alignsep@=\dimen108
\tagshift@=\dimen109
\tagwidth@=\dimen110
\totwidth@=\dimen111
\lineht@=\dimen112
\@envbody=\toks19
\multlinegap=\skip49
\multlinetaggap=\skip50
\mathdisplay@stack=\toks20
LaTeX Info: Redefining \[ on input line 2666.
LaTeX Info: Redefining \] on input line 2667.
)
(/usr/share/texmf-texlive/tex/latex/booktabs/booktabs.sty
Package: booktabs 2005/04/14 v1.61803 publication quality tables
\heavyrulewidth=\dimen113
\lightrulewidth=\dimen114
\cmidrulewidth=\dimen115
\belowrulesep=\dimen116
\belowbottomsep=\dimen117
\aboverulesep=\dimen118
\abovetopsep=\dimen119
\cmidrulesep=\dimen120
\cmidrulekern=\dimen121
\defaultaddspace=\dimen122
\@cmidla=\count102
\@cmidlb=\count103
\@aboverulesep=\dimen123
\@belowrulesep=\dimen124
\@thisruleclass=\count104
\@lastruleclass=\count105
\@thisrulewidth=\dimen125
)
(/usr/share/texmf-texlive/tex/latex/graphics/color.sty
Package: color 2005/11/14 v1.0j Standard LaTeX Color (DPC)

(/etc/texmf/tex/latex/config/color.cfg
File: color.cfg 2007/01/18 v1.5 color configuration of teTeX/TeXLive
)
Package color Info: Driver file: pdftex.def on input line 130.
)
(/usr/share/texmf-texlive/tex/latex/tools/longtable.sty
Package: longtable 2004/02/01 v4.11 Multi-page Table package (DPC)
\LTleft=\skip51
\LTright=\skip52
\LTpre=\skip53
\LTpost=\skip54
\LTchunksize=\count106
\LTcapwidth=\dimen126
\LT@head=\box30
\LT@firsthead=\box31
\LT@foot=\box32
\LT@lastfoot=\box33
\LT@cols=\count107
\LT@rows=\count108
\c@LT@tables=\count109
\c@LT@chunks=\count110
\LT@p@ftn=\toks21
)
(/usr/share/texmf-texlive/tex/latex/tools/array.sty
Package: array 2008/09/09 v2.4c Tabular extension package (FMi)
\col@sep=\dimen127
\extrarowheight=\dimen128
\NC@list=\toks22
\extratabsurround=\skip55
\backup@length=\skip56


LaTeX Warning: Command \@xhline  has changed.
               Check if current package is valid.

) (/usr/share/texmf/tex/latex/xcolor/xcolor.sty
Package: xcolor 2007/01/21 v2.11 LaTeX color extensions (UK)

(/etc/texmf/tex/latex/config/color.cfg
File: color.cfg 2007/01/18 v1.5 color configuration of teTeX/TeXLive
)
Package xcolor Info: Package option `usenames' ignored on input line 216.
Package xcolor Info: Driver file: pdftex.def on input line 225.

(/usr/share/texmf-texlive/tex/latex/colortbl/colortbl.sty
Package: colortbl 2001/02/13 v0.1j Color table columns (DPC)
\everycr=\toks23
\minrowclearance=\skip57
)
LaTeX Info: Redefining \color on input line 702.
\rownum=\count111
Package xcolor Info: Model `cmy' substituted by `cmy0' on input line 1337.
Package xcolor Info: Model `hsb' substituted by `rgb' on input line 1341.
Package xcolor Info: Model `RGB' extended on input line 1353.
Package xcolor Info: Model `HTML' substituted by `rgb' on input line 1355.
Package xcolor Info: Model `Hsb' substituted by `hsb' on input line 1356.
Package xcolor Info: Model `tHsb' substituted by `hsb' on input line 1357.
Package xcolor Info: Model `HSB' substituted by `hsb' on input line 1358.
Package xcolor Info: Model `Gray' substituted by `gray' on input line 1359.
Package xcolor Info: Model `wave' substituted by `hsb' on input line 1360.

(/usr/share/texmf-texlive/tex/latex/graphics/dvipsnam.def
File: dvipsnam.def 1999/02/16 v3.0i Driver-dependant file (DPC,SPQR)
)
(/usr/share/texmf/tex/latex/xcolor/svgnam.def
File: svgnam.def 2007/01/21 v2.11 Predefined colors according to SVG 1.1 (UK)
)) (./grass.aux)
\openout1 = `grass.aux'.

LaTeX Font Info:    Checking defaults for OML/cmm/m/it on input line 49.
LaTeX Font Info:    ... okay on input line 49.
LaTeX Font Info:    Checking defaults for T1/cmr/m/n on input line 49.
LaTeX Font Info:    ... okay on input line 49.
LaTeX Font Info:    Checking defaults for OT1/cmr/m/n on input line 49.
LaTeX Font Info:    ... okay on input line 49.
LaTeX Font Info:    Checking defaults for OMS/cmsy/m/n on input line 49.
LaTeX Font Info:    ... okay on input line 49.
LaTeX Font Info:    Checking defaults for OMX/cmex/m/n on input line 49.
LaTeX Font Info:    ... okay on input line 49.
LaTeX Font Info:    Checking defaults for U/cmr/m/n on input line 49.
LaTeX Font Info:    ... okay on input line 49.

(/usr/share/texmf-texlive/tex/context/base/supp-pdf.mkii
[Loading MPS to PDF converter (version 2006.09.02).]
\scratchcounter=\count112
\scratchdimen=\dimen129
\scratchbox=\box34
\nofMPsegments=\count113
\nofMParguments=\count114
\everyMPshowfont=\toks24
\MPscratchCnt=\count115
\MPscratchDim=\dimen130
\MPnumerator=\count116
\everyMPtoPDFconversion=\toks25
) (./natbib.sty
Package: natbib 2000/07/24 7.0a (PWD)
\bibhang=\skip58
\bibsep=\skip59
LaTeX Info: Redefining \cite on input line 508.
\c@NAT@ctr=\count117
)

Package natbib Warning: Citation `Fonseca87' on page 1 undefined on input line 
58.


Package natbib Warning: Citation `Grizzle96' on page 1 undefined on input line 
58.


Package natbib Warning: Citation `Nepf99' on page 1 undefined on input line 58.



Package natbib Warning: Citation `Nepf2012' on page 1 undefined on input line 5
8.


Package natbib Warning: Citation `AckermanOkubo93' on page 1 undefined on input
 line 59.


Package natbib Warning: Citation `Ikeda96' on page 1 undefined on input line 62
.


Package natbib Warning: Citation `Ghisal02' on page 1 undefined on input line 6
2.


Package natbib Warning: Citation `Raupach96' on page 1 undefined on input line 
62.


Package natbib Warning: Citation `Nepf00' on page 1 undefined on input line 64.



Package natbib Warning: Citation `Ghisal02' on page 1 undefined on input line 6
4.


Package natbib Warning: Citation `Nepf04' on page 1 undefined on input line 64.



Package natbib Warning: Citation `Okamoto12' on page 1 undefined on input line 
64.


Package natbib Warning: Citation `Delangre06' on page 1 undefined on input line
 67.


Package natbib Warning: Citation `Ghisal02' on page 1 undefined on input line 6
7.


Package natbib Warning: Citation `Raupach96' on page 1 undefined on input line 
67.


Package natbib Warning: Citation `Raupach96' on page 1 undefined on input line 
68.


Package natbib Warning: Citation `Ghisal02' on page 1 undefined on input line 6
9.


Package natbib Warning: Citation `Grizzle96' on page 1 undefined on input line 
69.


Package natbib Warning: Citation `Ghisal02' on page 1 undefined on input line 7
4.


Package natbib Warning: Citation `Nepf06' on page 1 undefined on input line 74.


<../Paper/images/Grass_Base_Nepf_shear.pdf, id=1, 236.885pt x 169.63374pt>
File: ../Paper/images/Grass_Base_Nepf_shear.pdf Graphic file (type pdf)

<use ../Paper/images/Grass_Base_Nepf_shear.pdf>

Package natbib Warning: Citation `Nepf04' on page 1 undefined on input line 85.


LaTeX Font Info:    Try loading font information for U+msa on input line 85.
(/usr/share/texmf-texlive/tex/latex/amsfonts/umsa.fd
File: umsa.fd 2009/06/22 v3.00 AMS symbols A
)
LaTeX Font Info:    Try loading font information for U+msb on input line 85.

(/usr/share/texmf-texlive/tex/latex/amsfonts/umsb.fd
File: umsb.fd 2009/06/22 v3.00 AMS symbols B
)
<../Paper/images/new_graph_R_vs_delta.pdf, id=2, 235.88126pt x 188.705pt>
File: ../Paper/images/new_graph_R_vs_delta.pdf Graphic file (type pdf)

<use ../Paper/images/new_graph_R_vs_delta.pdf>
<../Paper/images/K_vs_shear_width_noshear.pdf, id=3, 234.8775pt x 138.5175pt>
File: ../Paper/images/K_vs_shear_width_noshear.pdf Graphic file (type pdf)

<use ../Paper/images/K_vs_shear_width_noshear.pdf>

Package natbib Warning: Citation `Ghisal02' on page 1 undefined on input line 1
03.


Package natbib Warning: Citation `Ghisal02' on page 1 undefined on input line 1
03.


Package natbib Warning: Citation `Vivoni98' on page 1 undefined on input line 1
03.


Package natbib Warning: Citation `Nepf99' on page 1 undefined on input line 114
.


Package natbib Warning: Citation `Nepf00' on page 1 undefined on input line 114
.


Package natbib Warning: Citation `Nepf04' on page 1 undefined on input line 114
.


Package natbib Warning: Citation `Vivoni98' on page 1 undefined on input line 1
17.


Package natbib Warning: Citation `Nepf00' on page 1 undefined on input line 117
.


Underfull \hbox (badness 10000) has occurred while \output is active

 []

[1{/var/lib/texmf/fonts/map/pdftex/updmap/pdftex.map}
Non-PDF special ignored!]
<../Paper/images/Growth_Rate_Cont_Plots/SetAll_imgsc.pdf, id=19, 486.81876pt x 
199.74625pt>
File: ../Paper/images/Growth_Rate_Cont_Plots/SetAll_imgsc.pdf Graphic file (typ
e pdf)
 <use ../Paper/images/Growth_Rate_Cont_Plots/SetAll_imgsc.pdf>

Package natbib Warning: Citation `Nepf00' on page 2 undefined on input line 152
.


Package natbib Warning: Citation `Ghisal02' on page 2 undefined on input line 1
61.


Package natbib Warning: Citation `Nepf04' on page 2 undefined on input line 161
.

[2 <../Paper/images/Grass_Base_Nepf_shear.pdf>]

Package natbib Warning: Citation `Drazin81' on page 3 undefined on input line 1
76.

[3 <../Paper/images/new_graph_R_vs_delta.pdf> <../Paper/images/K_vs_shear_width
_noshear.pdf>]

Package natbib Warning: Citation `Ghisal02' on page 4 undefined on input line 1
89.


Package natbib Warning: Citation `White07' on page 4 undefined on input line 19
1.


Package natbib Warning: Citation `Raupach96' on page 4 undefined on input line 
192.


Package natbib Warning: Citation `Raupach96' on page 4 undefined on input line 
192.


Package natbib Warning: Citation `Delangre06' on page 4 undefined on input line
 192.


Package natbib Warning: Citation `Ghisal02' on page 4 undefined on input line 1
95.


Overfull \hbox (36.1335pt too wide) in paragraph at lines 202--214
[][] 
 []

[4 <../Paper/images/Growth_Rate_Cont_Plots/SetAll_imgsc.pdf>]
<../Paper/images/Asymptotic_noshear.pdf, id=113, 236.885pt x 145.54375pt>
File: ../Paper/images/Asymptotic_noshear.pdf Graphic file (type pdf)

<use ../Paper/images/Asymptotic_noshear.pdf> [5]

Package natbib Warning: Citation `Inoue56' on page 6 undefined on input line 27
6.


Package natbib Warning: Citation `Raupach96' on page 6 undefined on input line 
276.


Package natbib Warning: Citation `Fonseca98' on page 6 undefined on input line 
284.


Package natbib Warning: Citation `Delangre06' on page 6 undefined on input line
 287.

[6 <../Paper/images/Asymptotic_noshear.pdf>]
No file grass.bbl.

Package natbib Warning: There were undefined citations.

[7] (./grass.aux) ) 
Here is how much of TeX's memory you used:
 3351 strings out of 495061
 39556 string characters out of 1182622
 120496 words of memory out of 3000000
 6482 multiletter control sequences out of 15000+50000
 15317 words of font info for 56 fonts, out of 3000000 for 9000
 28 hyphenation exceptions out of 8191
 41i,19n,35p,1066b,293s stack positions out of 5000i,500n,10000p,200000b,50000s
</usr/share/texmf-texlive/fonts/type1/public/amsfonts/cm/cmb
x10.pfb></usr/share/texmf-texlive/fonts/type1/public/amsfonts/cm/cmbx12.pfb></u
sr/share/texmf-texlive/fonts/type1/public/amsfonts/cm/cmbx9.pfb></usr/share/tex
mf-texlive/fonts/type1/public/amsfonts/cm/cmbxti10.pfb></usr/share/texmf-texliv
e/fonts/type1/public/amsfonts/cm/cmcsc10.pfb></usr/share/texmf-texlive/fonts/ty
pe1/public/amsfonts/cm/cmex10.pfb></usr/share/texmf-texlive/fonts/type1/public/
amsfonts/cmextra/cmex9.pfb></usr/share/texmf-texlive/fonts/type1/public/amsfont
s/cm/cmmi10.pfb></usr/share/texmf-texlive/fonts/type1/public/amsfonts/cm/cmmi5.
pfb></usr/share/texmf-texlive/fonts/type1/public/amsfonts/cm/cmmi6.pfb></usr/sh
are/texmf-texlive/fonts/type1/public/amsfonts/cm/cmmi7.pfb></usr/share/texmf-te
xlive/fonts/type1/public/amsfonts/cm/cmmi9.pfb></usr/share/texmf-texlive/fonts/
type1/public/amsfonts/cm/cmmib10.pfb></usr/share/texmf-texlive/fonts/type1/publ
ic/amsfonts/cm/cmr10.pfb></usr/share/texmf-texlive/fonts/type1/public/amsfonts/
cm/cmr6.pfb></usr/share/texmf-texlive/fonts/type1/public/amsfonts/cm/cmr7.pfb><
/usr/share/texmf-texlive/fonts/type1/public/amsfonts/cm/cmr9.pfb></usr/share/te
xmf-texlive/fonts/type1/public/amsfonts/cm/cmsy10.pfb></usr/share/texmf-texlive
/fonts/type1/public/amsfonts/cm/cmsy6.pfb></usr/share/texmf-texlive/fonts/type1
/public/amsfonts/cm/cmsy7.pfb></usr/share/texmf-texlive/fonts/type1/public/amsf
onts/cm/cmsy9.pfb></usr/share/texmf-texlive/fonts/type1/public/amsfonts/cm/cmti
10.pfb></usr/share/texmf-texlive/fonts/type1/public/amsfonts/cm/cmti8.pfb></usr
/share/texmf-texlive/fonts/type1/public/amsfonts/cm/cmti9.pfb></usr/share/texmf
-texlive/fonts/type1/public/amsfonts/symbols/msam10.pfb>
Output written on grass.pdf (7 pages, 414462 bytes).
PDF statistics:
 228 PDF objects out of 1000 (max. 8388607)
 0 named destinations out of 1000 (max. 500000)
 26 words of extra memory for PDF output out of 10000 (max. 10000000)

